\BOOKMARK [1][-]{chapter*.2}{\376\377\000C\000o\000n\000t\000e\000x\000t\000e}{}
\BOOKMARK [1][-]{chapter*.2}{\376\377\000P\000r\000o\000b\000l\000\351\000m\000a\000t\000i\000q\000u\000e\000s}{}
\BOOKMARK [1][-]{chapter*.2}{\376\377\000C\000o\000n\000t\000r\000i\000b\000u\000t\000i\000o\000n\000s}{}
\BOOKMARK [1][-]{chapter*.2}{\376\377\000O\000r\000g\000a\000n\000i\000s\000a\000t\000i\000o\000n\000\040\000d\000u\000\040\000m\000a\000n\000u\000s\000c\000r\000i\000t}{}
\BOOKMARK [-1][-]{part.1}{\376\377\000I\000\040\000C\000o\000n\000t\000e\000x\000t\000e\000\040\000p\000h\000y\000s\000i\000q\000u\000e\000\040\000e\000t\000\040\000m\000\351\000d\000i\000c\000a\000l}{}
\BOOKMARK [0][-]{chapter.1}{\376\377\000I\000m\000a\000g\000e\000r\000i\000e\000\040\000p\000a\000r\000\040\000R\000\351\000s\000o\000n\000a\000n\000c\000e\000\040\000M\000a\000g\000n\000\351\000t\000i\000q\000u\000e\000\040\000d\000e\000\040\000d\000i\000f\000f\000u\000s\000i\000o\000n}{part.1}
\BOOKMARK [1][-]{section.1.1}{\376\377\000P\000r\000i\000n\000c\000i\000p\000e\000\040\000d\000e\000\040\000l\000'\000I\000R\000M\000\040\000d\000e\000\040\000d\000i\000f\000f\000u\000s\000i\000o\000n}{chapter.1}
\BOOKMARK [2][-]{subsection.1.1.1}{\376\377\000P\000r\000i\000n\000c\000i\000p\000e\000\040\000d\000e\000\040\000l\000a\000\040\000R\000\351\000s\000o\000n\000a\000n\000c\000e\000\040\000M\000a\000g\000n\000\351\000t\000i\000q\000u\000e\000\040\000N\000u\000c\000l\000\351\000a\000i\000r\000e\000\040\000\050\000R\000M\000N\000\051}{section.1.1}
\BOOKMARK [2][-]{subsection.1.1.2}{\376\377\000C\000a\000r\000a\000c\000t\000\351\000r\000i\000s\000a\000t\000i\000o\000n\000\040\000d\000e\000\040\000l\000a\000\040\000d\000i\000f\000f\000u\000s\000i\000o\000n\000\040\000p\000a\000r\000\040\000l\000a\000\040\000R\000M\000N}{section.1.1}
\BOOKMARK [1][-]{section.1.2}{\376\377\000T\000e\000n\000s\000e\000u\000r\000\040\000d\000e\000\040\000d\000i\000f\000f\000u\000s\000i\000o\000n}{chapter.1}
\BOOKMARK [2][-]{subsection.1.2.1}{\376\377\000M\000o\000d\000\350\000l\000e\000\040\000d\000'\000o\000r\000d\000r\000e\000\040\0002}{section.1.2}
\BOOKMARK [2][-]{subsection.1.2.2}{\376\377\000I\000n\000d\000i\000c\000e\000s\000\040\000s\000c\000a\000l\000a\000i\000r\000e\000s}{section.1.2}
\BOOKMARK [2][-]{subsection.1.2.3}{\376\377\000E\000s\000t\000i\000m\000a\000t\000i\000o\000n\000\040\000p\000a\000r\000\040\000l\000e\000s\000\040\000m\000o\000i\000n\000d\000r\000e\000s\000\040\000c\000a\000r\000r\000\351\000s}{section.1.2}
\BOOKMARK [2][-]{subsection.1.2.4}{\376\377\000D\000i\000s\000t\000a\000n\000c\000e\000s\000\040\000e\000n\000t\000r\000e\000\040\000d\000e\000u\000x\000\040\000t\000e\000n\000s\000e\000u\000r\000s\000\040\000d\000'\000o\000r\000d\000r\000e\000\040\0002}{section.1.2}
\BOOKMARK [0][-]{chapter.2}{\376\377\000L\000a\000\040\000d\000i\000f\000f\000u\000s\000i\000o\000n\000\040\000p\000o\000u\000r\000\040\000l\000a\000\040\000m\000\351\000d\000e\000c\000i\000n\000e}{part.1}
\BOOKMARK [1][-]{section.2.1}{\376\377\000A\000n\000a\000t\000o\000m\000i\000e\000\040\000d\000u\000\040\000s\000y\000s\000t\000\350\000m\000e\000\040\000n\000e\000r\000v\000e\000u\000x\000\040\000c\000e\000n\000t\000r\000a\000l\000e}{chapter.2}
\BOOKMARK [1][-]{section.2.2}{\376\377\000P\000a\000t\000h\000o\000l\000o\000g\000i\000e\000s\000\040\000n\000e\000u\000r\000o\000d\000\351\000g\000\351\000n\000\351\000r\000a\000t\000i\000v\000e\000s}{chapter.2}
\BOOKMARK [1][-]{section.2.3}{\376\377\000L\000i\000m\000i\000t\000e\000s\000\040\000d\000u\000\040\000m\000o\000d\000\350\000l\000e\000\040\000d\000'\000o\000r\000d\000r\000e\000\040\0002}{chapter.2}
\BOOKMARK [-1][-]{part.2}{\376\377\000I\000I\000\040\000M\000\351\000t\000h\000o\000d\000e\000s\000\040\000d\000e\000\040\000c\000o\000m\000p\000a\000r\000a\000i\000s\000o\000n\000\040\000d\000e\000\040\000d\000e\000u\000x\000\040\000p\000o\000p\000u\000l\000a\000t\000i\000o\000n\000s\000\040\000d\000e\000\040\000t\000e\000n\000s\000e\000u\000r\000s\000\040\000d\000e\000\040\000d\000i\000f\000f\000u\000s\000i\000o\000n}{}
\BOOKMARK [0][-]{chapter.3}{\376\377\000C\000o\000m\000p\000a\000r\000a\000i\000s\000o\000n\000\040\000d\000e\000\040\000g\000r\000o\000u\000p\000e\000s}{part.2}
\BOOKMARK [1][-]{section.3.1}{\376\377\000C\000o\000n\000t\000e\000x\000t\000e}{chapter.3}
\BOOKMARK [1][-]{section.3.2}{\376\377\000P\000r\000o\000b\000l\000\351\000m\000a\000t\000i\000q\000u\000e\000s}{chapter.3}
\BOOKMARK [1][-]{section.3.3}{\376\377\000\311\000t\000a\000t\000\040\000d\000e\000\040\000l\000'\000a\000r\000t\000\040\000e\000n\000\040\000i\000m\000a\000g\000e\000r\000i\000e\000\040\000d\000u\000\040\000t\000e\000n\000s\000e\000u\000r\000\040\000d\000e\000\040\000d\000i\000f\000f\000u\000s\000i\000o\000n}{chapter.3}
\BOOKMARK [1][-]{section.3.4}{\376\377\000P\000r\000\351\000-\000t\000r\000a\000i\000t\000e\000m\000e\000n\000t\000s}{chapter.3}
\BOOKMARK [2][-]{subsection.3.4.1}{\376\377\000C\000o\000r\000r\000e\000c\000t\000i\000o\000n\000s\000\040\000d\000e\000s\000\040\000a\000r\000t\000e\000f\000a\000c\000t\000s\000\040\000d\000'\000a\000c\000q\000u\000i\000s\000i\000t\000i\000o\000n}{section.3.4}
\BOOKMARK [2][-]{subsection.3.4.2}{\376\377\000E\000s\000t\000i\000m\000a\000t\000i\000o\000n\000\040\000p\000o\000n\000d\000\351\000r\000\351\000e\000\040\000d\000e\000s\000\040\000t\000e\000n\000s\000e\000u\000r\000s\000\040\000d\000e\000\040\000d\000i\000f\000f\000u\000s\000i\000o\000n}{section.3.4}
\BOOKMARK [2][-]{subsection.3.4.3}{\376\377\000R\000e\000c\000a\000l\000a\000g\000e}{section.3.4}
\BOOKMARK [2][-]{subsection.3.4.4}{\376\377\000F\000i\000l\000t\000r\000a\000g\000e}{section.3.4}
\BOOKMARK [0][-]{chapter.4}{\376\377\000M\000\351\000t\000h\000o\000d\000e\000\040\000l\000i\000n\000\351\000a\000i\000r\000e}{part.2}
\BOOKMARK [1][-]{section.4.1}{\376\377\000R\000\351\000g\000r\000e\000s\000s\000i\000o\000n\000\040\000m\000u\000l\000t\000i\000-\000l\000i\000n\000\351\000a\000i\000r\000e}{chapter.4}
\BOOKMARK [2][-]{subsection.4.1.1}{\376\377\000E\000x\000p\000r\000e\000s\000s\000i\000o\000n\000\040\000d\000u\000\040\000M\000o\000d\000\350\000l\000e\000\040\000L\000i\000n\000\351\000a\000i\000r\000e\000\040\000G\000\351\000n\000\351\000r\000a\000l\000\040\000:\000\040\000M\000\040\000R}{section.4.1}
\BOOKMARK [2][-]{subsection.4.1.2}{\376\377\000E\000s\000t\000i\000m\000a\000t\000i\000o\000n\000\040\000d\000e\000s\000\040\000r\000\351\000g\000r\000e\000s\000s\000e\000u\000r\000s\000\040\000:\000\040\000l\000a\000\040\000m\000\351\000t\000h\000o\000d\000e\000\040\000d\000e\000s\000\040\000m\000o\000i\000n\000d\000r\000e\000s\000\040\000c\000a\000r\000r\000\351\000s}{section.4.1}
\BOOKMARK [2][-]{subsection.4.1.3}{\376\377\000E\000x\000e\000m\000p\000l\000e\000\040\000d\000'\000a\000p\000p\000l\000i\000c\000a\000t\000i\000o\000n\000\040\000a\000u\000x\000\040\000i\000m\000a\000g\000e\000s\000\040\000d\000e\000\040\000s\000c\000a\000l\000a\000i\000r\000e\000s}{section.4.1}
\BOOKMARK [1][-]{section.4.2}{\376\377\000C\000a\000d\000r\000e\000\040\000s\000t\000a\000t\000i\000s\000t\000i\000q\000u\000e}{chapter.4}
\BOOKMARK [2][-]{subsection.4.2.1}{\376\377\000T\000e\000s\000t\000s\000\040\000d\000'\000h\000y\000p\000o\000t\000h\000\350\000s\000e}{section.4.2}
\BOOKMARK [2][-]{subsection.4.2.2}{\376\377\000R\000\350\000g\000l\000e\000\040\000d\000e\000\040\000d\000\351\000c\000i\000s\000i\000o\000n}{section.4.2}
\BOOKMARK [2][-]{subsection.4.2.3}{\376\377\000T\000e\000s\000t\000\040\000s\000t\000a\000t\000i\000s\000t\000i\000q\000u\000e\000\040\000d\000e\000\040\000c\000o\000m\000p\000a\000r\000a\000i\000s\000o\000n\000\040\000u\000t\000i\000l\000i\000s\000\351}{section.4.2}
\BOOKMARK [1][-]{section.4.3}{\376\377\000E\000x\000t\000e\000n\000s\000i\000o\000n\000\040\000d\000u\000\040\000M\000o\000d\000\350\000l\000e\000\040\000L\000i\000n\000\351\000a\000i\000r\000e\000\040\000G\000\351\000n\000\351\000r\000a\000l\000\040\000a\000u\000x\000\040\000t\000e\000n\000s\000e\000u\000r\000s}{chapter.4}
\BOOKMARK [2][-]{subsection.4.3.1}{\376\377\000H\000y\000p\000o\000t\000h\000\350\000s\000e\000\040\000d\000'\000h\000o\000m\000o\000s\000c\000\351\000d\000a\000s\000t\000i\000c\000i\000t\000\351}{section.4.3}
\BOOKMARK [2][-]{subsection.4.3.2}{\376\377\000H\000y\000p\000o\000t\000h\000\350\000s\000e\000\040\000d\000'\000h\000\351\000t\000\351\000r\000o\000s\000c\000\351\000d\000a\000s\000t\000i\000c\000i\000t\000\351}{section.4.3}
\BOOKMARK [2][-]{subsection.4.3.3}{\376\377\000P\000r\000i\000s\000e\000\040\000e\000n\000\040\000c\000o\000m\000p\000t\000e\000\040\000d\000e\000s\000\040\000i\000n\000f\000o\000r\000m\000a\000t\000i\000o\000n\000s\000\040\000m\000u\000l\000t\000i\000-\000\351\000c\000h\000e\000l\000l\000e\000s}{section.4.3}
\BOOKMARK [0][-]{chapter.5}{\376\377\000V\000a\000r\000i\000\351\000t\000\351\000s\000\040\000n\000o\000n\000\040\000l\000i\000n\000\351\000a\000i\000r\000e\000s}{part.2}
\BOOKMARK [1][-]{section.5.1}{\376\377\000P\000r\000o\000b\000l\000\351\000m\000a\000t\000i\000q\000u\000e\000\040\000d\000e\000s\000\040\000m\000\351\000t\000r\000i\000q\000u\000e\000s\000\040\000e\000u\000c\000l\000i\000d\000i\000e\000n\000n\000e\000s}{chapter.5}
\BOOKMARK [1][-]{section.5.2}{\376\377\000G\000\351\000o\000m\000\351\000t\000r\000i\000e\000\040\000r\000i\000e\000m\000a\000n\000i\000e\000n\000n\000e}{chapter.5}
\BOOKMARK [2][-]{subsection.5.2.1}{\376\377\000P\000r\000i\000n\000c\000i\000p\000e}{section.5.2}
\BOOKMARK [2][-]{subsection.5.2.2}{\376\377\000\311\000t\000a\000t\000\040\000d\000e\000\040\000l\000'\000a\000r\000t\000\040\000d\000e\000s\000\040\000r\000\351\000g\000r\000e\000s\000s\000i\000o\000n\000s\000\040\000s\000u\000r\000\040\000c\000e\000t\000t\000e\000\040\000v\000a\000r\000i\000\351\000t\000\351}{section.5.2}
\BOOKMARK [2][-]{subsection.5.2.3}{\376\377\000M\000\351\000t\000h\000o\000d\000e\000\040\000d\000u\000\040\000"\000M\000u\000l\000t\000i\000v\000a\000r\000i\000a\000t\000e\000\040\000G\000e\000n\000e\000r\000a\000l\000\040\000L\000i\000n\000e\000a\000r\000\040\000M\000o\000d\000e\000l\000s\000"}{section.5.2}
\BOOKMARK [1][-]{section.5.3}{\376\377\000G\000\351\000o\000m\000\351\000t\000r\000i\000e\000\040\000l\000o\000g\000-\000e\000u\000c\000l\000i\000d\000i\000e\000n\000n\000e}{chapter.5}
\BOOKMARK [2][-]{subsection.5.3.1}{\376\377\000P\000r\000i\000n\000c\000i\000p\000e}{section.5.3}
\BOOKMARK [2][-]{subsection.5.3.2}{\376\377\000A\000p\000p\000l\000i\000c\000a\000t\000i\000o\000n\000\040\000d\000a\000n\000s\000\040\000l\000e\000\040\000c\000a\000d\000r\000e\000\040\000G\000L\000M\000-\000D\000T}{section.5.3}
\BOOKMARK [0][-]{chapter.6}{\376\377\000C\000a\000r\000a\000c\000t\000\351\000r\000i\000s\000a\000t\000i\000o\000n\000\040\000d\000e\000s\000\040\000c\000h\000a\000n\000g\000e\000m\000e\000n\000t\000s}{part.2}
\BOOKMARK [1][-]{section.6.1}{\376\377\000P\000o\000s\000t\000-\000t\000r\000a\000i\000t\000e\000m\000e\000n\000t\000\040\000g\000\351\000n\000\351\000r\000a\000l}{chapter.6}
\BOOKMARK [2][-]{subsection.6.1.1}{\376\377\000C\000o\000r\000r\000e\000c\000t\000i\000o\000n\000\040\000s\000t\000a\000t\000i\000s\000t\000i\000q\000u\000e\000\040\000d\000e\000s\000\040\000c\000a\000r\000t\000e\000s\000\040\000d\000e\000\040\000p\000-\000v\000a\000l\000e\000u\000r\000s}{section.6.1}
\BOOKMARK [2][-]{subsection.6.1.2}{\376\377\000C\000o\000m\000p\000o\000s\000a\000n\000t\000e\000s\000\040\000c\000o\000n\000n\000e\000x\000e\000s}{section.6.1}
\BOOKMARK [1][-]{section.6.2}{\376\377\000C\000a\000r\000a\000c\000t\000\351\000r\000i\000s\000a\000t\000i\000o\000n\000\040\000d\000e\000s\000\040\000z\000o\000n\000e\000s\000\040\000d\000\351\000t\000e\000c\000t\000\351\000e\000s}{chapter.6}
\BOOKMARK [2][-]{subsection.6.2.1}{\376\377\000D\000e\000s\000c\000r\000i\000p\000t\000i\000o\000n\000\040\000d\000e\000\040\000l\000a\000\040\000m\000\351\000t\000h\000o\000d\000e\000\040\000d\000e\000\040\000c\000a\000r\000a\000c\000t\000\351\000r\000i\000s\000a\000t\000i\000o\000n}{section.6.2}
\BOOKMARK [2][-]{subsection.6.2.2}{\376\377\000F\000o\000r\000m\000a\000t\000\040\000d\000e\000\040\000p\000r\000\351\000s\000e\000n\000t\000a\000t\000i\000o\000n\000\040\000d\000e\000s\000\040\000r\000\351\000s\000u\000l\000t\000a\000t\000s}{section.6.2}
\BOOKMARK [-1][-]{part.3}{\376\377\000I\000I\000I\000\040\000S\000i\000m\000u\000l\000a\000t\000i\000o\000n\000s\000\040\000e\000t\000\040\000v\000a\000l\000i\000d\000a\000t\000i\000o\000n\000s}{}
\BOOKMARK [0][-]{chapter.7}{\376\377\000C\000o\000h\000o\000r\000t\000e\000s\000\040\000d\000e\000\040\000d\000o\000n\000n\000\351\000e\000s\000\040\000u\000t\000i\000l\000i\000s\000\351\000e\000s}{part.3}
\BOOKMARK [1][-]{section.7.1}{\376\377\000D\000o\000n\000n\000\351\000e\000s\000\040\000s\000y\000n\000t\000h\000\351\000t\000i\000q\000u\000e\000s}{chapter.7}
\BOOKMARK [2][-]{subsection.7.1.1}{\376\377\000I\000n\000t\000r\000o\000d\000u\000c\000t\000i\000o\000n\000\040\000d\000e\000\040\000l\000\351\000s\000i\000o\000n\000s\000\040\000a\000u\000\040\000s\000e\000i\000n\000\040\000d\000'\000u\000n\000e\000\040\000p\000o\000p\000u\000l\000a\000t\000i\000o\000n\000\040\000s\000a\000i\000n\000e}{section.7.1}
\BOOKMARK [2][-]{subsection.7.1.2}{\376\377\000C\000a\000d\000r\000e\000\040\000d\000e\000\040\000v\000a\000l\000i\000d\000a\000t\000i\000o\000n\000\040\000:\000\040\000l\000e\000s\000\040\000c\000o\000u\000r\000b\000e\000s\000\040\000C\000O\000R}{section.7.1}
\BOOKMARK [1][-]{section.7.2}{\376\377\000C\000a\000s\000\040\000c\000l\000i\000n\000i\000q\000u\000e\000s}{chapter.7}
\BOOKMARK [2][-]{subsection.7.2.1}{\376\377\000N\000e\000u\000r\000o\000m\000y\000\351\000l\000i\000t\000e\000\040\000O\000p\000t\000i\000q\000u\000e\000\040\000\050\000N\000M\000O\000\051}{section.7.2}
\BOOKMARK [2][-]{subsection.7.2.2}{\376\377\000D\000\351\000m\000e\000n\000c\000e\000\040\000\340\000\040\000c\000o\000r\000p\000s\000\040\000d\000e\000\040\000L\000e\000w\000y\000\040\000\050\000D\000L\000B\000\051}{section.7.2}
\BOOKMARK [2][-]{subsection.7.2.3}{\376\377\000C\000a\000d\000r\000e\000\040\000d\000e\000\040\000v\000a\000l\000i\000d\000a\000t\000i\000o\000n}{section.7.2}
\BOOKMARK [0][-]{chapter.8}{\376\377\000\311\000v\000a\000l\000u\000a\000t\000i\000o\000n\000\040\000d\000e\000\040\000l\000a\000\040\000m\000\351\000t\000h\000o\000d\000e\000\040\000G\000L\000M\000-\000D\000T\000\040\000d\000a\000n\000s\000\040\000u\000n\000\040\000c\000a\000d\000r\000e\000\040\000s\000t\000a\000t\000i\000s\000t\000i\000q\000u\000e\000\040\000E\000u\000c\000l\000i\000d\000i\000e\000n}{part.3}
\BOOKMARK [1][-]{section.8.1}{\376\377\000M\000\351\000t\000h\000o\000d\000e\000s\000\040\000b\000a\000s\000\351\000e\000s\000\040\000s\000u\000r\000\040\000l\000e\000s\000\040\000i\000n\000d\000i\000c\000e\000s\000\040\000s\000c\000a\000l\000a\000i\000r\000e\000s\000\040\000v\000s\000\040\000m\000\351\000t\000h\000o\000d\000e\000\040\000G\000L\000M\000-\000D\000T}{chapter.8}
\BOOKMARK [2][-]{subsection.8.1.1}{\376\377\000R\000\351\000s\000u\000l\000t\000a\000t\000s\000\040\000s\000u\000r\000\040\000d\000o\000n\000n\000\351\000e\000s\000\040\000s\000y\000n\000t\000h\000\351\000t\000i\000q\000u\000e\000s}{section.8.1}
\BOOKMARK [2][-]{subsection.8.1.2}{\376\377\000D\000i\000s\000c\000u\000s\000s\000i\000o\000n}{section.8.1}
\BOOKMARK [1][-]{section.8.2}{\376\377\000M\000\351\000t\000h\000o\000d\000e\000s\000\040\000m\000u\000l\000t\000i\000-\000i\000n\000f\000o\000r\000m\000a\000t\000i\000o\000n\000s\000\040\000v\000s\000\040\000m\000\351\000t\000h\000o\000d\000e\000\040\000G\000L\000M\000-\000D\000T}{chapter.8}
\BOOKMARK [2][-]{subsection.8.2.1}{\376\377\000I\000n\000f\000o\000r\000m\000a\000t\000i\000o\000n\000s\000\040\000d\000'\000h\000\351\000t\000\351\000r\000o\000s\000c\000\351\000d\000a\000s\000t\000i\000c\000i\000t\000\351}{section.8.2}
\BOOKMARK [2][-]{subsection.8.2.2}{\376\377\000I\000n\000f\000o\000r\000m\000a\000t\000i\000o\000n\000s\000\040\000m\000u\000l\000t\000i\000-\000\351\000c\000h\000e\000l\000l\000e\000s}{section.8.2}
\BOOKMARK [1][-]{section.8.3}{\376\377\000V\000a\000l\000i\000d\000a\000t\000i\000o\000n\000\040\000d\000e\000\040\000l\000a\000\040\000m\000\351\000t\000h\000o\000d\000e\000\040\000d\000e\000\040\000c\000a\000r\000a\000c\000t\000\351\000r\000i\000s\000a\000t\000i\000o\000n}{chapter.8}
\BOOKMARK [0][-]{chapter.9}{\376\377\000I\000n\000f\000l\000u\000e\000n\000c\000e\000\040\000d\000u\000\040\000c\000a\000d\000r\000e\000\040\000s\000t\000a\000t\000i\000s\000t\000i\000q\000u\000e\000\040\000s\000u\000r\000\040\000d\000e\000s\000\040\000m\000\351\000t\000h\000o\000d\000e\000s\000\040\000b\000a\000s\000\351\000e\000s\000\040\000t\000e\000n\000s\000e\000u\000r\000s}{part.3}
\BOOKMARK [1][-]{section.9.1}{\376\377\000\311\000v\000a\000l\000u\000a\000t\000i\000o\000n\000\040\000d\000e\000\040\000l\000a\000\040\000v\000a\000r\000i\000\351\000t\000\351\000\040\000g\000\351\000o\000m\000\351\000t\000r\000i\000q\000u\000e\000\040\000u\000t\000i\000l\000i\000s\000\351\000e}{chapter.9}
\BOOKMARK [1][-]{section.9.2}{\376\377\000D\000i\000s\000c\000u\000s\000s\000i\000o\000n}{chapter.9}
\BOOKMARK [0][-]{chapter.10}{\376\377\000I\000n\000f\000l\000u\000e\000n\000c\000e\000\040\000d\000e\000s\000\040\000p\000r\000\351\000-\000t\000r\000a\000i\000t\000e\000m\000e\000n\000t\000s\000\040\000p\000o\000u\000r\000\040\000u\000n\000e\000\040\000c\000o\000m\000p\000a\000r\000a\000i\000s\000o\000n\000\040\000d\000e\000\040\000g\000r\000o\000u\000p\000e\000s}{part.3}
\BOOKMARK [1][-]{section.10.1}{\376\377\000R\000e\000c\000a\000l\000a\000g\000e}{chapter.10}
\BOOKMARK [1][-]{section.10.2}{\376\377\000F\000i\000l\000t\000r\000a\000g\000e}{chapter.10}
\BOOKMARK [0][-]{chapter.11}{\376\377\000C\000o\000n\000t\000r\000i\000b\000u\000t\000i\000o\000n\000s\000\040\000a\000u\000x\000\040\000n\000e\000u\000r\000o\000s\000c\000i\000e\000n\000c\000e\000s}{part.3}
\BOOKMARK [1][-]{section.11.1}{\376\377\000S\000u\000r\000\040\000l\000a\000\040\000b\000a\000s\000e\000\040\000d\000e\000\040\000p\000a\000t\000i\000e\000n\000t\000s\000\040\000a\000t\000t\000e\000i\000n\000t\000s\000\040\000d\000e\000\040\000N\000M\000O}{chapter.11}
\BOOKMARK [2][-]{subsection.11.1.1}{\376\377\000R\000\351\000s\000u\000l\000t\000a\000t\000s\000\040\000d\000e\000s\000\040\000m\000\351\000t\000h\000o\000d\000e\000s\000\040\000l\000i\000n\000\351\000a\000i\000r\000e\000s}{section.11.1}
\BOOKMARK [2][-]{subsection.11.1.2}{\376\377\000R\000\351\000s\000u\000l\000t\000a\000t\000s\000\040\000d\000e\000s\000\040\000d\000e\000u\000x\000\040\000v\000a\000r\000i\000\351\000t\000\351\000s\000\040\000g\000\351\000o\000m\000\351\000t\000r\000i\000q\000u\000e\000s}{section.11.1}
\BOOKMARK [2][-]{subsection.11.1.3}{\376\377\000C\000a\000r\000a\000c\000t\000\351\000r\000i\000s\000a\000t\000i\000o\000n}{section.11.1}
\BOOKMARK [1][-]{section.11.2}{\376\377\000S\000u\000r\000\040\000l\000a\000\040\000b\000a\000s\000e\000\040\000d\000e\000\040\000p\000a\000t\000i\000e\000n\000t\000s\000\040\000a\000t\000t\000e\000i\000n\000t\000s\000\040\000d\000e\000\040\000D\000L\000B}{chapter.11}
\BOOKMARK [2][-]{subsection.11.2.1}{\376\377\000C\000o\000m\000p\000a\000r\000a\000i\000s\000o\000n\000\040\000d\000e\000\040\000p\000a\000t\000i\000e\000n\000t\000s\000\040\000a\000u\000\040\000s\000t\000a\000d\000e\000\040\000p\000r\000o\000d\000o\000m\000a\000l\000\040\000a\000v\000e\000c\000\040\000d\000e\000s\000\040\000t\000\351\000m\000o\000i\000n\000s}{section.11.2}
\BOOKMARK [2][-]{subsection.11.2.2}{\376\377\000\311\000t\000u\000d\000e\000\040\000s\000u\000r\000\040\000l\000e\000s\000\040\000h\000a\000l\000l\000u\000c\000i\000n\000a\000t\000i\000o\000n\000s\000\040\000d\000a\000n\000s\000\040\000l\000e\000\040\000m\000a\000l\000a\000d\000i\000e\000\040\000\340\000\040\000c\000o\000r\000p\000s\000\040\000d\000e\000\040\000L\000e\000w\000y}{section.11.2}
\BOOKMARK [-1][-]{part.4}{\376\377\000I\000V\000\040\000C\000o\000n\000c\000l\000u\000s\000i\000o\000n}{}
