mktextfm ybvr8t
mktextfm ybvb8t
mktextfm nullfont
mktextfm ybvr8t
mktextfm ybvb8t
mktextfm nullfont
mktextfm ybvr8t
mktextfm ybvb8t
mktextfm nullfont
mktextfm ybvri8t
mktextfm ybvr8t
mktextfm ybvb8t
mktextfm nullfont
mktextfm ybvr8t
mktextfm nullfont
mktextfm ybvb8t
mktextfm nullfont
mktextfm nullfont
mktextfm ybvb8t
mktextfm nullfont
mktextfm nullfont
mktextfm ybvb8t
mktextfm nullfont
mktextfm nullfont
mktextfm ybvr8t
mktextfm ybvr8t
mktextfm ybvr8t
mktextfm ybvb8t
mktextfm nullfont
mktextfm ybvb8t
mktextfm nullfont
mktextfm ybvri8t
mktextfm ybvri8t
mktextfm ybvr8t
mktextfm ybvr8t
mktextfm ybvr8t
mktextfm ybvr8t
mktextfm ybvbi8t
mktextfm nullfont
mktextfm ybvr8t
mktextfm ybvb8t
mktextfm nullfont
mktextfm ybvr8t
mktextfm ybvb8t
mktextfm nullfont
mktextfm ybvr8t
mktextfm ybvb8t
mktextfm nullfont
mktextfm ybvri8t
mktextfm ybvr8t
mktextfm ybvb8t
mktextfm nullfont
mktextfm ybvr8t
mktextfm nullfont
mktextfm ybvb8t
mktextfm nullfont
mktextfm nullfont
mktextfm ybvb8t
mktextfm nullfont
mktextfm nullfont
mktextfm ybvb8t
mktextfm nullfont
mktextfm nullfont
mktextfm ybvr8t
mktextfm ybvr8t
mktextfm ybvr8t
mktextfm ybvb8t
mktextfm nullfont
mktextfm ybvb8t
mktextfm nullfont
mktextfm ybvri8t
mktextfm ybvri8t
mktextfm ybvr8t
mktextfm ybvr8t
mktextfm ybvr8t
mktextfm ybvr8t
mktextfm ybvbi8t
mktextfm nullfont
mktextfm fver8t
mktextfm fveb8t
mktextfm fver8t
mktextfm fveb8t
mktextfm fver8t
mktextfm fveb8t
mktextfm fvero8t
mktextfm nullfont
mktextfm fver8t
mktextfm fveb8t
mktextfm fver8t
mktextfm fveb8t
mktextfm fveb8t
mktextfm fveb8t
mktextfm fver8t
mktextfm fver8t
mktextfm fver8t
mktextfm fvmr8t
mktextfm fveb8t
mktextfm fveb8t
mktextfm fvero8t
mktextfm nullfont
mktextfm fvero8t
mktextfm nullfont
mktextfm fver8t
mktextfm fver8t
mktextfm fver8t
mktextfm fver8t
mktextfm fvebo8t
mktextfm nullfont
mktextfm DejaVuSerif-tlf-t1
mktextfm DejaVuSerif-Bold-tlf-t1
mktextfm nullfont
mktextfm DejaVuSerif-tlf-t1
mktextfm DejaVuSerif-Bold-tlf-t1
mktextfm nullfont
mktextfm DejaVuSerif-tlf-t1
mktextfm DejaVuSerif-Bold-tlf-t1
mktextfm nullfont
mktextfm DejaVuSerif-Italic-tlf-t1
mktextfm DejaVuSerif-tlf-t1
mktextfm DejaVuSerif-Bold-tlf-t1
mktextfm nullfont
mktextfm DejaVuSerif-tlf-t1
mktextfm DejaVuSerif-Bold-tlf-t1
mktextfm nullfont
mktextfm DejaVuSerif-Bold-tlf-t1
mktextfm nullfont
mktextfm DejaVuSerif-Bold-tlf-t1
mktextfm nullfont
mktextfm DejaVuSerif-tlf-t1
mktextfm DejaVuSerif-tlf-t1
mktextfm DejaVuSerif-tlf-t1
mktextfm DejaVuSerif-Bold-tlf-t1
mktextfm nullfont
mktextfm DejaVuSerif-Bold-tlf-t1
mktextfm nullfont
mktextfm DejaVuSerif-Italic-tlf-t1
mktextfm DejaVuSerif-Italic-tlf-t1
mktextfm DejaVuSerif-tlf-t1
mktextfm DejaVuSerif-tlf-t1
mktextfm DejaVuSerif-tlf-t1
mktextfm DejaVuSerif-tlf-t1
mktextfm DejaVuSerif-BoldItalic-tlf-t1
mktextfm nullfont
mktextfm pnr10
mktextfm pnb10
mktextfm pnr10
mktextfm pnb10
mktextfm pnr10
mktextfm pnb10
mktextfm pnsl10
mktextfm pnr10
mktextfm pnb10
mktextfm pnr10
mktextfm pnb10
mktextfm pnb10
mktextfm pnb10
mktextfm pnr10
mktextfm pnr10
mktextfm pnr10
mktextfm pnb10
mktextfm pnb10
mktextfm pnsl10
mktextfm pnsl10
mktextfm pnr10
mktextfm pnb10
mktextfm ec-qbkr
mktextfm ec-qbkb
mktextfm ec-qbkr
mktextfm ec-qbkb
mktextfm ec-qbkr
mktextfm ec-qbkb
mktextfm ec-qbkri
mktextfm ec-qbkr
mktextfm ec-qbkb
mktextfm ec-qbkr-sc
mktextfm ec-qbkb-sc
mktextfm ec-qbkb-sc
mktextfm ec-qbkb-sc
mktextfm ec-qbkr
mktextfm ec-qbkr
mktextfm ec-qbkr
mktextfm ec-qbkb
mktextfm ec-qbkb
mktextfm ec-qbkri
mktextfm ec-qbkri
mktextfm ec-qbkr
mktextfm ec-qbkr
mktextfm ec-qbkr
mktextfm ec-qbkr
mktextfm ec-qbkbi
mktextfm ec-qbkr
mktextfm ec-qbkb
mktextfm ec-qbkr
mktextfm ec-qbkb
mktextfm ec-qbkr
mktextfm ec-qbkb
mktextfm ec-qbkri
mktextfm ec-qbkr
mktextfm ec-qbkb
mktextfm ec-qbkr-sc
mktextfm ec-qbkb-sc
mktextfm ec-qbkb-sc
mktextfm ec-qbkb-sc
mktextfm ec-qbkr
mktextfm ec-qbkr
mktextfm ec-qbkr
mktextfm ec-qbkb
mktextfm ec-qbkb
mktextfm ec-qbkri
mktextfm ec-qbkri
mktextfm ec-qbkr
mktextfm ec-qbkr
mktextfm ec-qbkr
mktextfm ec-qbkr
mktextfm ec-qbkbi
mktextfm ec-qbkr
mktextfm ec-qbkb
mktextfm ec-qbkr
mktextfm ec-qbkb
mktextfm ec-qbkr
mktextfm ec-qbkb
mktextfm ec-qbkri
mktextfm ec-qbkr
mktextfm ec-qbkb
mktextfm ec-qbkr-sc
mktextfm ec-qbkb-sc
mktextfm ec-qbkb-sc
mktextfm ec-qbkb-sc
mktextfm ec-qbkr
mktextfm ec-qbkr
mktextfm ec-qbkr
mktextfm ec-qbkb
mktextfm ec-qbkb
mktextfm ec-qbkri
mktextfm ec-qbkri
mktextfm ec-qbkr
mktextfm ec-qbkr
mktextfm ec-qbkr
mktextfm ec-qbkr
mktextfm ec-qbkbi
mktextfm ntxmi
mktextfm ntxmi
mktextfm ntxmi7
mktextfm ntxsy
mktextfm ntxsy
mktextfm ntxsy7
mktextfm ntxexx
mktextfm ntxexx
mktextfm ntxexx
mktextfm ntxmia
mktextfm ntxmia
mktextfm ntxmia
mktextfm ntxsym
mktextfm ntxsym
mktextfm ntxsym
mktextfm ntxsyc
mktextfm ntxsyc
mktextfm ntxsyc
mktextfm ntxexa
mktextfm ntxexa
mktextfm ntxexa
mktextfm ntxmi
mktextfm ntxmi7
mktextfm ntxmi5
mktextfm ntxsy
mktextfm ntxsy7
mktextfm ntxsy5
mktextfm ntxexx
mktextfm ntxexx
mktextfm ntxexx
mktextfm ntxmia
mktextfm ntxmia
mktextfm ntxmia
mktextfm ntxsym
mktextfm ntxsym
mktextfm ntxsym
mktextfm ntxsyc
mktextfm ntxsyc
mktextfm ntxsyc
mktextfm ntxexa
mktextfm ntxexa
mktextfm ntxexa
mktextfm ntxmi
mktextfm ntxmi
mktextfm ntxmi7
mktextfm ntxsy
mktextfm ntxsy
mktextfm ntxsy7
mktextfm ntxexx
mktextfm ntxexx
mktextfm ntxexx
mktextfm ntxmia
mktextfm ntxmia
mktextfm ntxmia
mktextfm ntxsym
mktextfm ntxsym
mktextfm ntxsym
mktextfm ntxsyc
mktextfm ntxsyc
mktextfm ntxsyc
mktextfm ntxexa
mktextfm ntxexa
mktextfm ntxexa
mktextfm ntxmi
mktextfm ntxmi
mktextfm ntxmi
mktextfm ntxsy
mktextfm ntxsy
mktextfm ntxsy
mktextfm ntxexx
mktextfm ntxexx
mktextfm ntxexx
mktextfm ntxmia
mktextfm ntxmia
mktextfm ntxmia
mktextfm ntxsym
mktextfm ntxsym
mktextfm ntxsym
mktextfm ntxsyc
mktextfm ntxsyc
mktextfm ntxsyc
mktextfm ntxexa
mktextfm ntxexa
mktextfm ntxexa
mktextfm ntxmi
mktextfm ntxmi
mktextfm ntxmi
mktextfm ntxsy
mktextfm ntxsy
mktextfm ntxsy
mktextfm ntxexx
mktextfm ntxexx
mktextfm ntxexx
mktextfm ntxmia
mktextfm ntxmia
mktextfm ntxmia
mktextfm ntxsym
mktextfm ntxsym
mktextfm ntxsym
mktextfm ntxsyc
mktextfm ntxsyc
mktextfm ntxsyc
mktextfm ntxexa
mktextfm ntxexa
mktextfm ntxexa
mktextfm ntxmi
mktextfm ntxmi
mktextfm ntxmi7
mktextfm ntxsy
mktextfm ntxsy
mktextfm ntxsy7
mktextfm ntxexx
mktextfm ntxexx
mktextfm ntxexx
mktextfm ntxmia
mktextfm ntxmia
mktextfm ntxmia
mktextfm ntxsym
mktextfm ntxsym
mktextfm ntxsym
mktextfm ntxsyc
mktextfm ntxsyc
mktextfm ntxsyc
mktextfm ntxexa
mktextfm ntxexa
mktextfm ntxexa
mktextfm ntxmi
mktextfm ntxmi7
mktextfm ntxmi5
mktextfm ntxsy
mktextfm ntxsy7
mktextfm ntxsy5
mktextfm ntxexx
mktextfm ntxexx
mktextfm ntxexx
mktextfm ntxmia
mktextfm ntxmia
mktextfm ntxmia
mktextfm ntxsym
mktextfm ntxsym
mktextfm ntxsym
mktextfm ntxsyc
mktextfm ntxsyc
mktextfm ntxsyc
mktextfm ntxexa
mktextfm ntxexa
mktextfm ntxexa
mktextfm ntxmi
mktextfm ntxmi
mktextfm ntxmi7
mktextfm ntxsy
mktextfm ntxsy
mktextfm ntxsy7
mktextfm ntxexx
mktextfm ntxexx
mktextfm ntxexx
mktextfm ntxmia
mktextfm ntxmia
mktextfm ntxmia
mktextfm ntxsym
mktextfm ntxsym
mktextfm ntxsym
mktextfm ntxsyc
mktextfm ntxsyc
mktextfm ntxsyc
mktextfm ntxexa
mktextfm ntxexa
mktextfm ntxexa
mktextfm ntxmi
mktextfm ntxmi
mktextfm ntxmi
mktextfm ntxsy
mktextfm ntxsy
mktextfm ntxsy
mktextfm ntxexx
mktextfm ntxexx
mktextfm ntxexx
mktextfm ntxmia
mktextfm ntxmia
mktextfm ntxmia
mktextfm ntxsym
mktextfm ntxsym
mktextfm ntxsym
mktextfm ntxsyc
mktextfm ntxsyc
mktextfm ntxsyc
mktextfm ntxexa
mktextfm ntxexa
mktextfm ntxexa
mktextfm ntxmi
mktextfm ntxmi
mktextfm ntxmi
mktextfm ntxsy
mktextfm ntxsy
mktextfm ntxsy
mktextfm ntxexx
mktextfm ntxexx
mktextfm ntxexx
mktextfm ntxmia
mktextfm ntxmia
mktextfm ntxmia
mktextfm ntxsym
mktextfm ntxsym
mktextfm ntxsym
mktextfm ntxsyc
mktextfm ntxsyc
mktextfm ntxsyc
mktextfm ntxexa
mktextfm ntxexa
mktextfm ntxexa
mktextfm ntx-Regular-tlf-t1
mktextfm ntx-Bold-tlf-t1
mktextfm nullfont
mktextfm ntx-Regular-tlf-t1
mktextfm ntx-Bold-tlf-t1
mktextfm nullfont
mktextfm ntx-Regular-tlf-ot1
mktextfm ntx-Regular-tlf-ot1
mktextfm ntx-Regular-tlf-ot1
mktextfm ntxmi
mktextfm ntxmi
mktextfm ntxmi7
mktextfm ntxsy
mktextfm ntxsy
mktextfm ntxsy7
mktextfm ntxexx
mktextfm ntxexx
mktextfm ntxexx
mktextfm ntxmia
mktextfm ntxmia
mktextfm ntxmia
mktextfm ntxsym
mktextfm ntxsym
mktextfm ntxsym
mktextfm ntxsyc
mktextfm ntxsyc
mktextfm ntxsyc
mktextfm ntxexa
mktextfm ntxexa
mktextfm ntxexa
mktextfm ntx-Regular-tlf-t1
mktextfm ntx-Bold-tlf-t1
mktextfm nullfont
mktextfm ntx-Italic-tlf-t1
mktextfm ntx-Regular-tlf-t1
mktextfm ntx-Bold-tlf-t1
mktextfm nullfont
mktextfm ntx-Regular-tlf-sc-t1
mktextfm ntx-Bold-tlf-sc-t1
mktextfm nullfont
mktextfm ntx-Bold-tlf-sc-t1
mktextfm nullfont
mktextfm ntx-Bold-tlf-sc-t1
mktextfm nullfont
mktextfm ntx-Regular-tlf-t1
mktextfm ntx-Regular-tlf-t1
mktextfm ntx-Bold-tlf-ot1
mktextfm ntx-Bold-tlf-ot1
mktextfm ntx-Bold-tlf-ot1
mktextfm ntxsups-Regular-t1
mktextfm ntx-Regular-tlf-t1
mktextfm ntx-Regular-tlf-ot1
mktextfm ntx-Regular-tlf-ot1
mktextfm ntx-Regular-tlf-ot1
mktextfm ntxmi
mktextfm ntxmi7
mktextfm ntxmi5
mktextfm ntxsy
mktextfm ntxsy7
mktextfm ntxsy5
mktextfm ntxexx
mktextfm ntxexx
mktextfm ntxexx
mktextfm ntx-Bold-tlf-ot1
mktextfm ntx-Bold-tlf-ot1
mktextfm ntx-Bold-tlf-ot1
mktextfm ntxmia
mktextfm ntxmia
mktextfm ntxmia
mktextfm ntxsym
mktextfm ntxsym
mktextfm ntxsym
mktextfm ntxsyc
mktextfm ntxsyc
mktextfm ntxsyc
mktextfm ntxexa
mktextfm ntxexa
mktextfm ntxexa
mktextfm ntx-Bold-tlf-t1
mktextfm nullfont
mktextfm ntx-Bold-tlf-t1
mktextfm nullfont
mktextfm ntx-Regular-tlf-ot1
mktextfm ntx-Regular-tlf-ot1
mktextfm ntx-Regular-tlf-ot1
mktextfm ntxmi
mktextfm ntxmi
mktextfm ntxmi7
mktextfm ntxsy
mktextfm ntxsy
mktextfm ntxsy7
mktextfm ntxexx
mktextfm ntxexx
mktextfm ntxexx
mktextfm ntx-Bold-tlf-ot1
mktextfm ntx-Bold-tlf-ot1
mktextfm ntx-Bold-tlf-ot1
mktextfm ntxmia
mktextfm ntxmia
mktextfm ntxmia
mktextfm ntxsym
mktextfm ntxsym
mktextfm ntxsym
mktextfm ntxsyc
mktextfm ntxsyc
mktextfm ntxsyc
mktextfm ntxexa
mktextfm ntxexa
mktextfm ntxexa
mktextfm ntx-Italic-tlf-t1
mktextfm ntx-Italic-tlf-t1
mktextfm ntx-Regular-tlf-ot1
mktextfm ntx-Regular-tlf-ot1
mktextfm ntx-Regular-tlf-ot1
mktextfm ntxmi
mktextfm ntxmi
mktextfm ntxmi
mktextfm ntxsy
mktextfm ntxsy
mktextfm ntxsy
mktextfm ntxexx
mktextfm ntxexx
mktextfm ntxexx
mktextfm ntx-Bold-tlf-ot1
mktextfm ntx-Bold-tlf-ot1
mktextfm ntx-Bold-tlf-ot1
mktextfm ntxmia
mktextfm ntxmia
mktextfm ntxmia
mktextfm ntxsym
mktextfm ntxsym
mktextfm ntxsym
mktextfm ntxsyc
mktextfm ntxsyc
mktextfm ntxsyc
mktextfm ntxexa
mktextfm ntxexa
mktextfm ntxexa
mktextfm ntx-Regular-tlf-t1
mktextfm ntx-Regular-tlf-ot1
mktextfm ntx-Regular-tlf-ot1
mktextfm ntx-Regular-tlf-ot1
mktextfm ntxmi
mktextfm ntxmi
mktextfm ntxmi
mktextfm ntxsy
mktextfm ntxsy
mktextfm ntxsy
mktextfm ntxexx
mktextfm ntxexx
mktextfm ntxexx
mktextfm ntx-Bold-tlf-ot1
mktextfm ntx-Bold-tlf-ot1
mktextfm ntx-Bold-tlf-ot1
mktextfm ntxmia
mktextfm ntxmia
mktextfm ntxmia
mktextfm ntxsym
mktextfm ntxsym
mktextfm ntxsym
mktextfm ntxsyc
mktextfm ntxsyc
mktextfm ntxsyc
mktextfm ntxexa
mktextfm ntxexa
mktextfm ntxexa
